<?xml version="1.0" encoding="UTF-8"?>
<!-- Generated by org.testng.reporters.JUnitXMLReporter -->
<testsuite hostname="IT364925" ignored="0" name="Test" tests="1" failures="0" timestamp="13 Nov 2018 21:13:31 GMT" time="6.477" errors="0">
  <testcase name="@BeforeClass setUp" time="6.438" classname="com.qa.poequote.testcase.EquoteFillForm">
    <failure type="java.lang.NullPointerException">
      <![CDATA[java.lang.NullPointerException
at com.qa.poequote.testcase.EquoteFillForm.setUp(EquoteFillForm.java:26)
... Removed 30 stack frames]]>
    </failure>
  </testcase> <!-- @BeforeClass setUp -->
  <testcase name="fill_Form" time="0.0" classname="com.qa.poequote.testcase.EquoteFillForm">
    <skipped/>
  </testcase> <!-- fill_Form -->
</testsuite> <!-- Test -->
