-------------------------------------------------------------------------------
Test set: TestSuite
-------------------------------------------------------------------------------
Tests run: 2, Failures: 1, Errors: 0, Skipped: 1, Time elapsed: 7.214 s <<< FAILURE! - in TestSuite
setUp(com.qa.poequote.testcase.EquoteFillForm)  Time elapsed: 7.061 s  <<< FAILURE!
java.lang.NullPointerException
	at com.qa.poequote.testcase.EquoteFillForm.setUp(EquoteFillForm.java:26)

