<?xml version="1.0" encoding="UTF-8"?>
<testng-results skipped="0" failed="1" ignored="0" total="1" passed="0">
  <reporter-output>
  </reporter-output>
  <suite name="Default suite" duration-ms="19891" started-at="2018-11-16T03:29:27Z" finished-at="2018-11-16T03:29:47Z">
    <groups>
    </groups>
    <test name="Default test" duration-ms="19891" started-at="2018-11-16T03:29:27Z" finished-at="2018-11-16T03:29:47Z">
      <class name="com.qa.poequote.testcase.EquoteFillForm">
        <test-method status="PASS" signature="setUp()[pri:0, instance:com.qa.poequote.testcase.EquoteFillForm@3ecd23d9]" name="setUp" is-config="true" duration-ms="11642" started-at="2018-11-16T03:29:27Z" finished-at="2018-11-16T03:29:39Z">
          <reporter-output>
          </reporter-output>
        </test-method> <!-- setUp -->
        <test-method status="FAIL" signature="fill_Form(java.util.Map)[pri:0, instance:com.qa.poequote.testcase.EquoteFillForm@3ecd23d9]" name="fill_Form" duration-ms="7185" started-at="2018-11-16T03:29:40Z" data-provider="data" finished-at="2018-11-16T03:29:47Z">
          <params>
            <param index="0">
              <value>
                <![CDATA[{Are you making this request on behalf of someone else?(onBehalf)= , Email address(emailAddress)= , First name(givenName)=Sophie, Delivery Post Code(deliveryPostCode)= , Is the request to be charged to a(requestToBeChargedTo)= , UPI/Username(uid)=ZAI148, Delivery Address Line 1(deliveryAddress1)= , Attach supervisor approval(supvApproval)=No, ERM cart name(sciquestErm)=Spellman00000877, Internal UOA Product Code(internalProductCode)= , Select the department, faculty or service division this request is for:(departmentFaculty)=Financial Services, Delivery room number(deliveryRoomNumber)= , Select the faculty or service division this request is for:(facultyServiceDiv)=Testing Supplier Notes , The requester is(isStudent)=null, First name(fName)= , Request-Status=180925-000008, Topic Id=2001, Delivery building number(deliveryBuildingNumber)= , Project code(deptProjectCode)= , Enter quote number (if applicable)(supplierQuoteNumber)=, Are you making this request on behalf of someone else? e.g. someone else is the primary contact for this order.(onBehalf)=No, Last name(lName)= , Date goods/services are needed(dateNeeded)=, UPI/Username(requestorUpi)= , The requestor is(isStudent)=Staff, Select supplier(typeOfRequest)=ERM (SciQuest), Upload additional documents(Upload1)=null, Internal UOA Product Code(internalUoaProductCode1)= , Queue Id=205, upload 2(upload2)=null, Please select one(isStudent)= , Account code(accountCode)= , Project code(PhdProjectCode)= , FORM_SUBMIT_DATE=12/10/2018 09:27:08, Delivery Address Line 2(deliveryAddress2)= , Additional information(additionalInformation)= , acknowledgement(acknowledgement)=I acknowledge that this request complies with UoA Procurement Policy, Form Submission PDF(formSubmissionPDF)=https://www.forms.test.auckland.ac.nz/forms-documents/Tregonning-Sophie-705711003-e-Quote_Purchase_Order_Requests_TEST-6a73d437-c1df-4c17-8bcb-bbd6ad62e94a.pdf, e-Quote Number(equotetNumber)= , Import Permit for Supplier if applicable(permitToImport)=ERM cart name, Project code(researchProjCode)= , Last name(sn)=Tregonning, Submitter=stre841, Please provide your supervisor's UPI/Username(supervisorUPI)= , Supplier notes(supplierNotes)=Hey there Im e-quote, Cost centre code(ecartCostCentre)= , Account code(accountCodePress)= , Upload additional documents(upload2)=null, Import Permit for Supplier (if applicable)(importPermit)=null, Internal UOA Product Code(internalProductCode2)= , Upload additional documents for the supplier(Upload1)=, Email address(mail)=s.tregonning@auckland.ac.nz, Upload PhD PReSS account spreadsheet(phdPressAccount)=Human Resources, Do you have a cart name or a replenishment number?(cartNameOrReplenishmentNumber)=, ERM replenishment request number(ermReplenish)= , Delivery City(deliveryCity)= }]]>
              </value>
            </param>
          </params>
          <exception class="java.lang.NullPointerException">
            <full-stacktrace>
              <![CDATA[java.lang.NullPointerException
at org.openqa.selenium.support.events.EventFiringWebDriver.extractInterfaces(EventFiringWebDriver.java:120)
at org.openqa.selenium.support.events.EventFiringWebDriver.access$300(EventFiringWebDriver.java:69)
at org.openqa.selenium.support.events.EventFiringWebDriver$EventFiringWebElement.<init>(EventFiringWebDriver.java:397)
at org.openqa.selenium.support.events.EventFiringWebDriver$EventFiringWebElement.<init>(EventFiringWebDriver.java:389)
at org.openqa.selenium.support.events.EventFiringWebDriver.createWebElement(EventFiringWebDriver.java:327)
at org.openqa.selenium.support.events.EventFiringWebDriver.findElement(EventFiringWebDriver.java:196)
at org.openqa.selenium.support.pagefactory.DefaultElementLocator.findElement(DefaultElementLocator.java:69)
at org.openqa.selenium.support.pagefactory.internal.LocatingElementHandler.invoke(LocatingElementHandler.java:38)
at com.sun.proxy.$Proxy12.clear(Unknown Source)
at com.qa.poequote.page.HomePage.addCartDetails(HomePage.java:535)
at com.qa.poequote.testcase.EquoteFillForm.fill_Form(EquoteFillForm.java:177)
at sun.reflect.NativeMethodAccessorImpl.invoke0(Native Method)
at sun.reflect.NativeMethodAccessorImpl.invoke(NativeMethodAccessorImpl.java:62)
at sun.reflect.DelegatingMethodAccessorImpl.invoke(DelegatingMethodAccessorImpl.java:43)
at java.lang.reflect.Method.invoke(Method.java:498)
at org.testng.internal.MethodInvocationHelper.invokeMethod(MethodInvocationHelper.java:124)
at org.testng.internal.Invoker.invokeMethod(Invoker.java:583)
at org.testng.internal.Invoker.invokeTestMethod(Invoker.java:719)
at org.testng.internal.Invoker.invokeTestMethods(Invoker.java:989)
at org.testng.internal.TestMethodWorker.invokeTestMethods(TestMethodWorker.java:125)
at org.testng.internal.TestMethodWorker.run(TestMethodWorker.java:109)
at org.testng.TestRunner.privateRun(TestRunner.java:648)
at org.testng.TestRunner.run(TestRunner.java:505)
at org.testng.SuiteRunner.runTest(SuiteRunner.java:455)
at org.testng.SuiteRunner.runSequentially(SuiteRunner.java:450)
at org.testng.SuiteRunner.privateRun(SuiteRunner.java:415)
at org.testng.SuiteRunner.run(SuiteRunner.java:364)
at org.testng.SuiteRunnerWorker.runSuite(SuiteRunnerWorker.java:52)
at org.testng.SuiteRunnerWorker.run(SuiteRunnerWorker.java:84)
at org.testng.TestNG.runSuitesSequentially(TestNG.java:1208)
at org.testng.TestNG.runSuitesLocally(TestNG.java:1137)
at org.testng.TestNG.runSuites(TestNG.java:1049)
at org.testng.TestNG.run(TestNG.java:1017)
at org.testng.remote.AbstractRemoteTestNG.run(AbstractRemoteTestNG.java:114)
at org.testng.remote.RemoteTestNG.initAndRun(RemoteTestNG.java:251)
at org.testng.remote.RemoteTestNG.main(RemoteTestNG.java:77)
]]>
            </full-stacktrace>
          </exception> <!-- java.lang.NullPointerException -->
          <reporter-output>
          </reporter-output>
        </test-method> <!-- fill_Form -->
      </class> <!-- com.qa.poequote.testcase.EquoteFillForm -->
    </test> <!-- Default test -->
  </suite> <!-- Default suite -->
</testng-results>
